Using pre-set license

 COMMAND LINE ARGUMENTS:
/Users/user/Desktop/2020.3.7f1/Unity.app/Contents/MacOS/Unity
-adb2
-batchMode
-noUpm
-name
AssetImportWorker0
-projectPath
/Users/user/Desktop/Hyper Casual Mobile Games
-logFile
Logs/AssetImportWorker0.log
-srvPort
52413
Successfully changed project path to: /Users/user/Desktop/Hyper Casual Mobile Games
/Users/user/Desktop/Hyper Casual Mobile Games
Using Asset Import Pipeline V2.
Refreshing native plugins compatible for Editor in 51.97 ms, found 2 plugins.
Preloading 0 native plugins for Editor in 0.00 ms.
Initialize engine version: 2020.3.7f1 (dd97f2c94397)
[Subsystems] Discovering subsystems at path /Users/user/Desktop/2020.3.7f1/Unity.app/Contents/Resources/UnitySubsystems
[Subsystems] Discovering subsystems at path /Users/user/Desktop/Hyper Casual Mobile Games/Assets
GfxDevice: creating device client; threaded=0
2021-08-13 16:46:24.274 Unity[4677:98932] DELL P2414H preferred device: NVIDIA GeForce GT 650M (high power)
2021-08-13 16:46:24.274 Unity[4677:98932] Metal devices available: 2
2021-08-13 16:46:24.274 Unity[4677:98932] 0: NVIDIA GeForce GT 650M (high power)
2021-08-13 16:46:24.274 Unity[4677:98932] 1: Intel HD Graphics 4000 (low power)
2021-08-13 16:46:24.276 Unity[4677:98932] Using device NVIDIA GeForce GT 650M (high power)
Initializing Metal device caps: NVIDIA GeForce GT 650M
Initialize mono
Mono path[0] = '/Users/user/Desktop/2020.3.7f1/Unity.app/Contents/Managed'
Mono path[1] = '/Users/user/Desktop/2020.3.7f1/Unity.app/Contents/MonoBleedingEdge/lib/mono/unityjit'
Mono config path = '/Users/user/Desktop/2020.3.7f1/Unity.app/Contents/MonoBleedingEdge/etc'
Using monoOptions --debugger-agent=transport=dt_socket,embedding=1,server=y,suspend=n,address=127.0.0.1:56677
Begin MonoManager ReloadAssembly
Registering precompiled unity dll's ...
Register platform support module: /Users/user/Desktop/2020.3.7f1/Unity.app/Contents/PlaybackEngines/MacStandaloneSupport/UnityEditor.OSXStandalone.Extensions.dll
Registered in 0.000809 seconds.
Native extension for OSXStandalone target not found
Refreshing native plugins compatible for Editor in 53.34 ms, found 2 plugins.
Preloading 0 native plugins for Editor in 0.00 ms.
Mono: successfully reloaded assembly
- Completed reload, in  4.620 seconds
Platform modules already initialized, skipping
Registering precompiled user dll's ...
Registered in 0.000696 seconds.
Begin MonoManager ReloadAssembly
Native extension for OSXStandalone target not found
Refreshing native plugins compatible for Editor in 50.56 ms, found 2 plugins.
Preloading 0 native plugins for Editor in 0.00 ms.
Mono: successfully reloaded assembly
- Completed reload, in  1.586 seconds
Platform modules already initialized, skipping
========================================================================
Worker process is ready to serve import requests
Launching external process: /Users/user/Desktop/2020.3.7f1/Unity.app/Contents/Tools/UnityShaderCompiler
Launched and connected shader compiler UnityShaderCompiler after 0.02 seconds
Refreshing native plugins compatible for Editor in 0.44 ms, found 2 plugins.
Preloading 0 native plugins for Editor in 0.00 ms.
Unloading 1808 Unused Serialized files (Serialized files now loaded: 0)
System memory in use before: 149.4 MB.
System memory in use after: 149.4 MB.

Unloading 24 unused Assets to reduce memory usage. Loaded Objects now: 2250.
Total: 2.684159 ms (FindLiveObjects: 0.305500 ms CreateObjectMapping: 0.080415 ms MarkObjects: 2.109462 ms  DeleteObjects: 0.187183 ms)

========================================================================
Received Import Request.
  path: Assets/Scenes
  artifactKey: Guid(8a459ff80b051420daeab765b144177f) Importer(815301076,1909f56bfc062723c751e8b465ee728b)
Start importing Assets/Scenes using Guid(8a459ff80b051420daeab765b144177f) Importer(815301076,1909f56bfc062723c751e8b465ee728b)  -> (artifact id: '7bb3f687601356604de69ca02c0c7f5f') in 0.006031 seconds
  Import took 0.010333 seconds .

========================================================================
Received Import Request.
  Time since last request: 0.659289 seconds.
  path: Assets/Scripts
  artifactKey: Guid(d46094af24f6d43999b076ebb44bfa77) Importer(815301076,1909f56bfc062723c751e8b465ee728b)
Start importing Assets/Scripts using Guid(d46094af24f6d43999b076ebb44bfa77) Importer(815301076,1909f56bfc062723c751e8b465ee728b)  -> (artifact id: '92e9c5449e3a4fb8f9175bf31e9d7595') in 0.003133 seconds
  Import took 0.007149 seconds .

